<?xml version="1.0" encoding="UTF-8"?>
<!-- Generated by org.testng.reporters.JUnitReportReporter -->
<testsuite hostname="ramesh" failures="0" tests="1" name="domain.allDomain.MainClass" time="1995.984" errors="0" timestamp="17 Jan 2022 07:03:01 GMT">
  <testcase classname="domain.allDomain.MainClass" name="callAllMethods" time="1995.984"/>
</testsuite> <!-- domain.allDomain.MainClass -->
